<?xml version="1.0" encoding="UTF-8"?>
<!-- Generated by org.testng.reporters.JUnitXMLReporter -->
<testsuite ignored="0" hostname="Aryans-MacBook-Pro.local" failures="0" tests="4" name="Test" time="8.836" errors="0" timestamp="2024-06-06T10:15:23 IST">
  <testcase classname="apiChaining.CreateUser" name="testCreateUser" time="5.207"/>
  <testcase classname="apiChaining.GetUser" name="testGetUser" time="1.342"/>
  <testcase classname="apiChaining.UpdateUser" name="testUpdateUser" time="1.157"/>
  <testcase classname="apiChaining.DeleteUser" name="testGetUser" time="1.06"/>
</testsuite> <!-- Test -->
