<?xml version="1.0" encoding="UTF-8"?>
<testng-results ignored="0" total="4" passed="4" failed="0" skipped="0">
  <reporter-output>
  </reporter-output>
  <suite started-at="2024-06-06T10:15:14 IST" name="Suite" finished-at="2024-06-06T10:15:23 IST" duration-ms="8836">
    <groups>
    </groups>
    <test started-at="2024-06-06T10:15:14 IST" name="Test" finished-at="2024-06-06T10:15:23 IST" duration-ms="8836">
      <class name="apiChaining.UpdateUser">
        <test-method signature="testUpdateUser(org.testng.ITestContext)[pri:0, instance:apiChaining.UpdateUser@45099dd3]" started-at="2024-06-06T10:15:21 IST" name="testUpdateUser" finished-at="2024-06-06T10:15:22 IST" duration-ms="1157" status="PASS">
          <params>
            <param index="0">
              <value>
                <![CDATA[org.testng.TestRunner@37313c65]]>
              </value>
            </param>
          </params>
          <reporter-output>
          </reporter-output>
        </test-method> <!-- testUpdateUser -->
      </class> <!-- apiChaining.UpdateUser -->
      <class name="apiChaining.DeleteUser">
        <test-method signature="testGetUser(org.testng.ITestContext)[pri:0, instance:apiChaining.DeleteUser@13e344d]" started-at="2024-06-06T10:15:22 IST" name="testGetUser" finished-at="2024-06-06T10:15:23 IST" duration-ms="1060" status="PASS">
          <params>
            <param index="0">
              <value>
                <![CDATA[org.testng.TestRunner@37313c65]]>
              </value>
            </param>
          </params>
          <reporter-output>
          </reporter-output>
        </test-method> <!-- testGetUser -->
      </class> <!-- apiChaining.DeleteUser -->
      <class name="apiChaining.CreateUser">
        <test-method signature="testCreateUser(org.testng.ITestContext)[pri:0, instance:apiChaining.CreateUser@25641d39]" started-at="2024-06-06T10:15:14 IST" name="testCreateUser" finished-at="2024-06-06T10:15:19 IST" duration-ms="5207" status="PASS">
          <params>
            <param index="0">
              <value>
                <![CDATA[org.testng.TestRunner@37313c65]]>
              </value>
            </param>
          </params>
          <reporter-output>
          </reporter-output>
        </test-method> <!-- testCreateUser -->
      </class> <!-- apiChaining.CreateUser -->
      <class name="apiChaining.GetUser">
        <test-method signature="testGetUser(org.testng.ITestContext)[pri:0, instance:apiChaining.GetUser@6340e5f0]" started-at="2024-06-06T10:15:19 IST" name="testGetUser" finished-at="2024-06-06T10:15:21 IST" duration-ms="1342" status="PASS">
          <params>
            <param index="0">
              <value>
                <![CDATA[org.testng.TestRunner@37313c65]]>
              </value>
            </param>
          </params>
          <reporter-output>
          </reporter-output>
        </test-method> <!-- testGetUser -->
      </class> <!-- apiChaining.GetUser -->
    </test> <!-- Test -->
  </suite> <!-- Suite -->
</testng-results>
